This file contains any messages produced by compilers while
running configure, to aid debugging if configure makes a mistake.

configure:743:1: warning: return type defaults to 'int' [-Wimplicit-int]
  743 | main(){return(0);}
      | ^~~~
configure: In function 'main':
configure:830:67: warning: implicit declaration of function 'exit' [-Wimplicit-function-declaration]
  830 | if (XOR (islower (i), ISLOWER (i)) || toupper (i) != TOUPPER (i)) exit(2);
      |                                                                   ^~~~
configure:830:67: warning: incompatible implicit declaration of built-in function 'exit'
configure:826:1: note: include '<stdlib.h>' or provide a declaration of 'exit'
  825 | #include <ctype.h>
  +++ |+#include <stdlib.h>
  826 | #define ISLOWER(c) ('a' <= (c) && (c) <= 'z')
configure:831:1: warning: incompatible implicit declaration of built-in function 'exit'
  831 | exit (0); }
      | ^~~~
configure:831:1: note: include '<stdlib.h>' or provide a declaration of 'exit'
configure: In function 't':
configure:1247:1: warning: implicit declaration of function 'gdbm_open' [-Wimplicit-function-declaration]
 1247 | gdbm_open()
      | ^~~~~~~~~
configure: In function 't':
configure:1334:1: warning: implicit declaration of function 'atan' [-Wimplicit-function-declaration]
 1334 | atan()
      | ^~~~
configure:1334:1: warning: incompatible implicit declaration of built-in function 'atan'
configure:1331:1: note: include '<math.h>' or provide a declaration of 'atan'
 1330 | #include "confdefs.h"
  +++ |+#include <math.h>
 1331 | 
configure:1334:1: error: too few arguments to function 'atan'
 1334 | atan()
      | ^~~~
configure: In function 't':
configure:1373:1: warning: implicit declaration of function 'atan' [-Wimplicit-function-declaration]
 1373 | atan()
      | ^~~~
configure:1373:1: warning: incompatible implicit declaration of built-in function 'atan'
configure:1370:1: note: include '<math.h>' or provide a declaration of 'atan'
 1369 | #include "confdefs.h"
  +++ |+#include <math.h>
 1370 | 
configure:1373:1: error: too few arguments to function 'atan'
 1373 | atan()
      | ^~~~
configure: In function 't':
configure:1527:1: warning: implicit declaration of function 'XtMalloc' [-Wimplicit-function-declaration]
 1527 | ${x_direct_test_function}()
      | ^~~~~~~~
/usr/bin/ld: /usr/lib/gcc/x86_64-pc-linux-gnu/9.2.0/../../../../lib/Scrt1.o: in function `_start':
(.text+0x24): undefined reference to `main'
collect2: error: ld returned 1 exit status
configure: In function 't':
configure:1688:1: warning: implicit declaration of function 'dnet_ntoa' [-Wimplicit-function-declaration]
 1688 | dnet_ntoa()
      | ^~~~~~~~~
/usr/bin/ld: cannot find -ldnet
collect2: error: ld returned 1 exit status
configure: In function 't':
configure:1722:1: warning: implicit declaration of function 'dnet_ntoa' [-Wimplicit-function-declaration]
 1722 | dnet_ntoa()
      | ^~~~~~~~~
/usr/bin/ld: cannot find -ldnet_stub
collect2: error: ld returned 1 exit status
configure: In function 't':
configure:1761:1: warning: implicit declaration of function 't_accept' [-Wimplicit-function-declaration]
 1761 | t_accept()
      | ^~~~~~~~
/usr/bin/ld: /tmp/ccehVn7k.o: in function `t':
/home/podesta/github/mibench/office/rsynth/configure:1761: undefined reference to `t_accept'
collect2: error: ld returned 1 exit status
configure: In function 't':
configure:1799:1: warning: implicit declaration of function 'socket' [-Wimplicit-function-declaration]
 1799 | socket()
      | ^~~~~~
/usr/bin/ld: cannot find -lsocket
collect2: error: ld returned 1 exit status
configure: In function 't':
configure:1906:1: warning: implicit declaration of function 'XauReadAuth' [-Wimplicit-function-declaration]
 1906 | XauReadAuth()
      | ^~~~~~~~~~~
/usr/bin/ld: /tmp/ccgONMCj.o: undefined reference to symbol 'XauReadAuth'
/usr/bin/ld: /usr/lib/libXau.so.6: error adding symbols: DSO missing from command line
collect2: error: ld returned 1 exit status
configure:1944:10: fatal error: audio/audiolib.h: No such file or directory
 1944 | #include <$ac_hdr>
      |          ^~~~~~~~~         
compilation terminated.
